2023-01-11 07:00:10 -  - exec CUpdateClientPartner::__CollectRequestData
2023-01-11 07:00:10 -  - exec CUpdateClientPartner::GetHTTPPage
2023-01-11 07:00:11 -  - exec CUpdateClientPartner::ParseServerData
2023-01-11 07:00:11 -  - exec CUpdateClientPartner::GetUpdatesList
2023-01-11 07:00:11 -  - exec CUpdateClientPartner::__CollectRequestData
2023-01-11 07:00:11 -  - utf=Y&lang=ru&stable=Y&CANGZIP=Y&SUPD_DBS=MYSQL&XE=N&CLIENT_SITE=bitrix&LICENSE_KEY=X&SUPD_STS=1&SUPD_URS=0&SUPD_URSA=884&TYPENC=E&CLIENT_PHPVER=7.4.0&NGINX=Y&dbv=10.4.26&instm=main%2C21.900.0%2CN%3Bclouds%2C21.100.0%2CN%3Bcatalog%2C21.400.100%2CN%3Byenisite.abcd%2C1.2.1%2CN%3Byenisite.b2food%2C2.25.5%2CN%3Bstoreassist%2C21.0.0%2CN%3Byenisite.favorite%2C1.0.3%2CN%3Bpull%2C22.0.0%2CN%3Biblock%2C21.600.300%2CN%3Bb24connector%2C21.100.0%2CN%3Byenisite.core%2C1.8.9%2CN%3Bsubscribe%2C21.0.0%2CN%3Blanding%2C21.700.0%2CN%3Bsearch%2C22.0.0%2CN%3Bsale%2C21.700.300%2CN%3Byenisite.feedback%2C1.1.20%2CN%3Bvote%2C21.0.0%2CN%3Bseo%2C21.600.0%2CN%3Bfileman%2C21.500.0%2CN%3Byenisite.oneclick%2C1.4.7%2CN%3Babtest%2C21.0.0%2CN%3Beshopapp%2C16.5.0%2CN%3Bscale%2C21.0.0%2CN%3Byenisite.resizer2%2C3.0.2%2CN%3Bartofbx.yandexmetrika%2C1.0.2%2CN%3Bbitrix.sitecorporate%2C15.0.0%2CN%3Bsecurity%2C21.200.0%2CN%3Bmessageservice%2C21.400.0%2CN%3Bsender%2C21.600.0%2CN%3Byenisite.geoip%2C1.7.1%2CN%3Bsberbank.ecom2%2C1.3.5%2CN%3Brest%2C21.500.200%2CN%3Byenisite.catchbuy%2C0.9.16%2CN%3Bblog%2C21.300.0%2CN%3Bmobileapp%2C21.0.200%2CN%3Bui%2C21.1100.0%2CN%3Byenisite.mainspec%2C1.4.6%2CN%3Bhighloadblock%2C22.0.0%2CN%3Breport%2C21.400.0%2CN%3Bbitrix.eshop%2C20.5.0%2CN%3Bphotogallery%2C21.200.0%2CN%3Btwim.recaptchafree%2C0.1.1%2CN%3Bperfmon%2C21.0.0%2CN%3Bbitrixcloud%2C21.0.0%2CN%3Bforum%2C21.300.100%2CN%3Bform%2C21.0.0%2CN%3Btranslate%2C21.100.0%2CN%3Byenisite.menu%2C1.3.11%2CN%3Bsocialservices%2C21.400.0%2CN%3Bcurrency%2C21.300.0%2CN%3Byenisite.worktime%2C1.1.5%2CN%3Bconversion%2C22.0.0%2CN&reqm=yenisite.abcd%2Cyenisite.b2food%2Cyenisite.favorite%2Cyenisite.core%2Cyenisite.feedback%2Cyenisite.oneclick%2Cyenisite.resizer2%2Cartofbx.yandexmetrika%2Cbitrix.sitecorporate%2Cyenisite.geoip%2Csberbank.ecom2%2Cyenisite.catchbuy%2Cyenisite.mainspec%2Cbitrix.eshop%2Ctwim.recaptchafree%2Cyenisite.menu%2Cyenisite.worktime&fullmoduleinfo=Y&SUPD_SRS=RU&SUPD_CMP=N
2023-01-11 07:00:11 -  - exec CUpdateClientPartner::GetHTTPPage
2023-01-11 07:00:39 -  - TIME GetUpdatesList(request) 28.487 sec
2023-01-11 07:00:39 -  - exec CUpdateClientPartner::ParseServerData
2023-01-11 07:00:39 -  - exec CUpdateClientPartner::__CollectRequestData
2023-01-11 07:00:39 -  - exec CUpdateClientPartner::GetHTTPPage
2023-01-11 07:00:39 -  - exec CUpdateClientPartner::ParseServerData
2023-01-19 12:59:01 -  - exec CUpdateClientPartner::__CollectRequestData
2023-01-19 12:59:01 -  - exec CUpdateClientPartner::GetHTTPPage
2023-01-19 12:59:01 -  - exec CUpdateClientPartner::ParseServerData
2023-01-19 12:59:01 -  - exec CUpdateClientPartner::GetUpdatesList
2023-01-19 12:59:01 -  - exec CUpdateClientPartner::__CollectRequestData
2023-01-19 12:59:01 -  - utf=Y&lang=ru&stable=Y&CANGZIP=Y&SUPD_DBS=MYSQL&XE=N&CLIENT_SITE=bitrix&LICENSE_KEY=X&SUPD_STS=1&SUPD_URS=0&SUPD_URSA=884&TYPENC=E&CLIENT_PHPVER=7.4.0&NGINX=Y&dbv=10.4.26&instm=main%2C21.900.0%2CN%3Bclouds%2C21.100.0%2CN%3Bcatalog%2C21.400.100%2CN%3Byenisite.abcd%2C1.2.1%2CN%3Byenisite.b2food%2C2.25.5%2CN%3Bstoreassist%2C21.0.0%2CN%3Byenisite.favorite%2C1.0.3%2CN%3Bpull%2C22.0.0%2CN%3Biblock%2C21.600.300%2CN%3Bb24connector%2C21.100.0%2CN%3Byenisite.core%2C1.8.9%2CN%3Bsubscribe%2C21.0.0%2CN%3Blanding%2C21.700.0%2CN%3Bsearch%2C22.0.0%2CN%3Bsale%2C21.700.300%2CN%3Byenisite.feedback%2C1.1.20%2CN%3Bvote%2C21.0.0%2CN%3Bseo%2C21.600.0%2CN%3Bfileman%2C21.500.0%2CN%3Byenisite.oneclick%2C1.4.7%2CN%3Babtest%2C21.0.0%2CN%3Beshopapp%2C16.5.0%2CN%3Bscale%2C21.0.0%2CN%3Byenisite.resizer2%2C3.0.2%2CN%3Bartofbx.yandexmetrika%2C1.0.2%2CN%3Bbitrix.sitecorporate%2C15.0.0%2CN%3Bsecurity%2C21.200.0%2CN%3Bmessageservice%2C21.400.0%2CN%3Bsender%2C21.600.0%2CN%3Byenisite.geoip%2C1.7.1%2CN%3Bsberbank.ecom2%2C1.3.5%2CN%3Brest%2C21.500.200%2CN%3Byenisite.catchbuy%2C0.9.16%2CN%3Bblog%2C21.300.0%2CN%3Bmobileapp%2C21.0.200%2CN%3Bui%2C21.1100.0%2CN%3Byenisite.mainspec%2C1.4.6%2CN%3Bhighloadblock%2C22.0.0%2CN%3Breport%2C21.400.0%2CN%3Bbitrix.eshop%2C20.5.0%2CN%3Bphotogallery%2C21.200.0%2CN%3Btwim.recaptchafree%2C0.1.1%2CN%3Bperfmon%2C21.0.0%2CN%3Bbitrixcloud%2C21.0.0%2CN%3Bforum%2C21.300.100%2CN%3Bform%2C21.0.0%2CN%3Btranslate%2C21.100.0%2CN%3Byenisite.menu%2C1.3.11%2CN%3Bsocialservices%2C21.400.0%2CN%3Bcurrency%2C21.300.0%2CN%3Byenisite.worktime%2C1.1.5%2CN%3Bconversion%2C22.0.0%2CN&reqm=yenisite.abcd%2Cyenisite.b2food%2Cyenisite.favorite%2Cyenisite.core%2Cyenisite.feedback%2Cyenisite.oneclick%2Cyenisite.resizer2%2Cartofbx.yandexmetrika%2Cbitrix.sitecorporate%2Cyenisite.geoip%2Csberbank.ecom2%2Cyenisite.catchbuy%2Cyenisite.mainspec%2Cbitrix.eshop%2Ctwim.recaptchafree%2Cyenisite.menu%2Cyenisite.worktime&fullmoduleinfo=Y&SUPD_SRS=RU&SUPD_CMP=N
2023-01-19 12:59:01 -  - exec CUpdateClientPartner::GetHTTPPage
2023-01-19 12:59:01 -  - TIME GetUpdatesList(request) 0.204 sec
2023-01-19 12:59:01 -  - exec CUpdateClientPartner::ParseServerData
2023-01-19 12:59:02 -  - exec CUpdateClientPartner::__CollectRequestData
2023-01-19 12:59:02 -  - exec CUpdateClientPartner::GetHTTPPage
2023-01-19 12:59:02 -  - exec CUpdateClientPartner::ParseServerData
2023-01-30 07:27:00 -  - exec CUpdateClientPartner::__CollectRequestData
2023-01-30 07:27:00 -  - exec CUpdateClientPartner::GetHTTPPage
2023-01-30 07:27:01 -  - exec CUpdateClientPartner::ParseServerData
2023-01-30 07:27:01 -  - exec CUpdateClientPartner::GetUpdatesList
2023-01-30 07:27:01 -  - exec CUpdateClientPartner::__CollectRequestData
2023-01-30 07:27:01 -  - utf=Y&lang=ru&stable=Y&CANGZIP=Y&SUPD_DBS=MYSQL&XE=N&CLIENT_SITE=bitrix&LICENSE_KEY=X&SUPD_STS=1&SUPD_URS=0&SUPD_URSA=884&TYPENC=E&CLIENT_PHPVER=7.4.0&NGINX=Y&dbv=10.4.26&instm=main%2C21.900.0%2CN%3Bclouds%2C21.100.0%2CN%3Bcatalog%2C21.400.100%2CN%3Byenisite.abcd%2C1.2.1%2CN%3Byenisite.b2food%2C2.25.5%2CN%3Bstoreassist%2C21.0.0%2CN%3Byenisite.favorite%2C1.0.3%2CN%3Bpull%2C22.0.0%2CN%3Biblock%2C21.600.300%2CN%3Bb24connector%2C21.100.0%2CN%3Byenisite.core%2C1.8.9%2CN%3Bsubscribe%2C21.0.0%2CN%3Blanding%2C21.700.0%2CN%3Bsearch%2C22.0.0%2CN%3Bsale%2C21.700.300%2CN%3Byenisite.feedback%2C1.1.20%2CN%3Bvote%2C21.0.0%2CN%3Bseo%2C21.600.0%2CN%3Bfileman%2C21.500.0%2CN%3Byenisite.oneclick%2C1.4.7%2CN%3Babtest%2C21.0.0%2CN%3Beshopapp%2C16.5.0%2CN%3Bscale%2C21.0.0%2CN%3Byenisite.resizer2%2C3.0.2%2CN%3Bartofbx.yandexmetrika%2C1.0.2%2CN%3Bbitrix.sitecorporate%2C15.0.0%2CN%3Bsecurity%2C21.200.0%2CN%3Bmessageservice%2C21.400.0%2CN%3Bsender%2C21.600.0%2CN%3Byenisite.geoip%2C1.7.1%2CN%3Bsberbank.ecom2%2C1.3.5%2CN%3Brest%2C21.500.200%2CN%3Byenisite.catchbuy%2C0.9.16%2CN%3Bblog%2C21.300.0%2CN%3Bmobileapp%2C21.0.200%2CN%3Bui%2C21.1100.0%2CN%3Byenisite.mainspec%2C1.4.6%2CN%3Bhighloadblock%2C22.0.0%2CN%3Breport%2C21.400.0%2CN%3Bbitrix.eshop%2C20.5.0%2CN%3Bphotogallery%2C21.200.0%2CN%3Btwim.recaptchafree%2C0.1.1%2CN%3Bperfmon%2C21.0.0%2CN%3Bbitrixcloud%2C21.0.0%2CN%3Bforum%2C21.300.100%2CN%3Bform%2C21.0.0%2CN%3Btranslate%2C21.100.0%2CN%3Byenisite.menu%2C1.3.11%2CN%3Bsocialservices%2C21.400.0%2CN%3Bcurrency%2C21.300.0%2CN%3Byenisite.worktime%2C1.1.5%2CN%3Bconversion%2C22.0.0%2CN&reqm=yenisite.abcd%2Cyenisite.b2food%2Cyenisite.favorite%2Cyenisite.core%2Cyenisite.feedback%2Cyenisite.oneclick%2Cyenisite.resizer2%2Cartofbx.yandexmetrika%2Cbitrix.sitecorporate%2Cyenisite.geoip%2Csberbank.ecom2%2Cyenisite.catchbuy%2Cyenisite.mainspec%2Cbitrix.eshop%2Ctwim.recaptchafree%2Cyenisite.menu%2Cyenisite.worktime&fullmoduleinfo=Y&SUPD_SRS=RU&SUPD_CMP=N
2023-01-30 07:27:01 -  - exec CUpdateClientPartner::GetHTTPPage
2023-01-30 07:27:01 -  - TIME GetUpdatesList(request) 0.212 sec
2023-01-30 07:27:01 -  - exec CUpdateClientPartner::ParseServerData
2023-01-30 07:27:01 -  - exec CUpdateClientPartner::__CollectRequestData
2023-01-30 07:27:01 -  - exec CUpdateClientPartner::GetHTTPPage
2023-01-30 07:27:01 -  - exec CUpdateClientPartner::ParseServerData
2023-02-28 18:56:52 -  - exec CUpdateClientPartner::__CollectRequestData
2023-02-28 18:56:52 -  - exec CUpdateClientPartner::GetHTTPPage
2023-02-28 18:56:52 -  - exec CUpdateClientPartner::ParseServerData
2023-02-28 18:56:52 -  - exec CUpdateClientPartner::GetUpdatesList
2023-02-28 18:56:52 -  - exec CUpdateClientPartner::__CollectRequestData
2023-02-28 18:56:52 -  - utf=Y&lang=ru&stable=Y&CANGZIP=Y&SUPD_DBS=MYSQL&XE=N&CLIENT_SITE=bitrix&LICENSE_KEY=X&SUPD_STS=1&SUPD_URS=0&SUPD_URSA=884&TYPENC=E&CLIENT_PHPVER=7.4.0&NGINX=Y&dbv=10.4.28&instm=main%2C21.900.0%2CN%3Byenisite.worktime%2C1.1.5%2CN%3Bclouds%2C21.100.0%2CN%3Byenisite.oneclick%2C1.4.7%2CN%3Bpull%2C22.0.0%2CN%3Bstoreassist%2C21.0.0%2CN%3Btranslate%2C21.100.0%2CN%3Byenisite.resizer2%2C3.0.2%2CN%3Bfileman%2C21.500.0%2CN%3Bmobileapp%2C21.0.200%2CN%3Byenisite.feedback%2C1.1.20%2CN%3Bsberbank.ecom2%2C1.3.5%2CN%3Bscale%2C21.0.0%2CN%3Bsecurity%2C21.200.0%2CN%3Bsale%2C21.700.300%2CN%3Blanding%2C21.700.0%2CN%3Bconversion%2C22.0.0%2CN%3Bblog%2C21.300.0%2CN%3Bbitrix.sitecorporate%2C15.0.0%2CN%3Bsearch%2C22.0.0%2CN%3Byenisite.catchbuy%2C0.9.16%2CN%3Bbitrixcloud%2C21.0.0%2CN%3Byenisite.core%2C1.8.9%2CN%3Byenisite.geoip%2C1.7.1%2CN%3Bphotogallery%2C21.200.0%2CN%3Brest%2C21.500.200%2CN%3Bartofbx.yandexmetrika%2C1.0.2%2CN%3Biblock%2C21.600.300%2CN%3Beshopapp%2C16.5.0%2CN%3Breport%2C21.400.0%2CN%3Byenisite.b2food%2C2.25.5%2CN%3Bforum%2C21.300.100%2CN%3Byenisite.mainspec%2C1.4.6%2CN%3Bsocialservices%2C21.400.0%2CN%3Bb24connector%2C21.100.0%2CN%3Bcatalog%2C21.400.100%2CN%3Byenisite.favorite%2C1.0.3%2CN%3Byenisite.abcd%2C1.2.1%2CN%3Bvote%2C21.0.0%2CN%3Bmessageservice%2C21.400.0%2CN%3Btwim.recaptchafree%2C0.1.1%2CN%3Bsender%2C21.600.0%2CN%3Bseo%2C21.600.0%2CN%3Bbitrix.eshop%2C20.5.0%2CN%3Byenisite.menu%2C1.3.11%2CN%3Bhighloadblock%2C22.0.0%2CN%3Babtest%2C21.0.0%2CN%3Bui%2C21.1100.0%2CN%3Bsubscribe%2C21.0.0%2CN%3Bcurrency%2C21.300.0%2CN%3Bperfmon%2C21.0.0%2CN%3Bform%2C21.0.0%2CN&reqm=yenisite.worktime%2Cyenisite.oneclick%2Cyenisite.resizer2%2Cyenisite.feedback%2Csberbank.ecom2%2Cbitrix.sitecorporate%2Cyenisite.catchbuy%2Cyenisite.core%2Cyenisite.geoip%2Cartofbx.yandexmetrika%2Cyenisite.b2food%2Cyenisite.mainspec%2Cyenisite.favorite%2Cyenisite.abcd%2Ctwim.recaptchafree%2Cbitrix.eshop%2Cyenisite.menu&fullmoduleinfo=Y&SUPD_SRS=RU&SUPD_CMP=N
2023-02-28 18:56:52 -  - exec CUpdateClientPartner::GetHTTPPage
2023-02-28 18:56:52 -  - TIME GetUpdatesList(request) 0.199 sec
2023-02-28 18:56:52 -  - exec CUpdateClientPartner::ParseServerData
2023-02-28 18:56:52 -  - exec CUpdateClientPartner::__CollectRequestData
2023-02-28 18:56:52 -  - exec CUpdateClientPartner::GetHTTPPage
2023-02-28 18:56:53 -  - exec CUpdateClientPartner::ParseServerData
2023-03-10 14:14:07 -  - exec CUpdateClientPartner::__CollectRequestData
2023-03-10 14:14:07 -  - exec CUpdateClientPartner::GetHTTPPage
2023-03-10 14:14:07 -  - exec CUpdateClientPartner::ParseServerData
2023-03-10 14:14:07 -  - exec CUpdateClientPartner::GetUpdatesList
2023-03-10 14:14:07 -  - exec CUpdateClientPartner::__CollectRequestData
2023-03-10 14:14:07 -  - utf=Y&lang=ru&stable=Y&CANGZIP=Y&SUPD_DBS=MYSQL&XE=N&CLIENT_SITE=bitrix&LICENSE_KEY=X&SUPD_STS=1&SUPD_URS=0&SUPD_URSA=884&TYPENC=E&CLIENT_PHPVER=7.4.0&NGINX=Y&dbv=10.4.28&instm=main%2C21.900.0%2CN%3Byenisite.worktime%2C1.1.5%2CN%3Bclouds%2C21.100.0%2CN%3Byenisite.oneclick%2C1.4.7%2CN%3Bpull%2C22.0.0%2CN%3Bstoreassist%2C21.0.0%2CN%3Btranslate%2C21.100.0%2CN%3Byenisite.resizer2%2C3.0.2%2CN%3Bfileman%2C21.500.0%2CN%3Bmobileapp%2C21.0.200%2CN%3Byenisite.feedback%2C1.1.20%2CN%3Bsberbank.ecom2%2C1.3.5%2CN%3Bscale%2C21.0.0%2CN%3Bsecurity%2C21.200.0%2CN%3Bsale%2C21.700.300%2CN%3Blanding%2C21.700.0%2CN%3Bconversion%2C22.0.0%2CN%3Bblog%2C21.300.0%2CN%3Bbitrix.sitecorporate%2C15.0.0%2CN%3Bsearch%2C22.0.0%2CN%3Byenisite.catchbuy%2C0.9.16%2CN%3Bbitrixcloud%2C21.0.0%2CN%3Byenisite.core%2C1.8.9%2CN%3Byenisite.geoip%2C1.7.1%2CN%3Bphotogallery%2C21.200.0%2CN%3Brest%2C21.500.200%2CN%3Bartofbx.yandexmetrika%2C1.0.2%2CN%3Biblock%2C21.600.300%2CN%3Beshopapp%2C16.5.0%2CN%3Breport%2C21.400.0%2CN%3Byenisite.b2food%2C2.25.5%2CN%3Bforum%2C21.300.100%2CN%3Byenisite.mainspec%2C1.4.6%2CN%3Bsocialservices%2C21.400.0%2CN%3Bb24connector%2C21.100.0%2CN%3Bcatalog%2C21.400.100%2CN%3Byenisite.favorite%2C1.0.3%2CN%3Byenisite.abcd%2C1.2.1%2CN%3Bvote%2C21.0.0%2CN%3Bmessageservice%2C21.400.0%2CN%3Btwim.recaptchafree%2C0.1.1%2CN%3Bsender%2C21.600.0%2CN%3Bseo%2C21.600.0%2CN%3Bbitrix.eshop%2C20.5.0%2CN%3Byenisite.menu%2C1.3.11%2CN%3Bhighloadblock%2C22.0.0%2CN%3Babtest%2C21.0.0%2CN%3Bui%2C21.1100.0%2CN%3Bsubscribe%2C21.0.0%2CN%3Bcurrency%2C21.300.0%2CN%3Bperfmon%2C21.0.0%2CN%3Bform%2C21.0.0%2CN&reqm=yenisite.worktime%2Cyenisite.oneclick%2Cyenisite.resizer2%2Cyenisite.feedback%2Csberbank.ecom2%2Cbitrix.sitecorporate%2Cyenisite.catchbuy%2Cyenisite.core%2Cyenisite.geoip%2Cartofbx.yandexmetrika%2Cyenisite.b2food%2Cyenisite.mainspec%2Cyenisite.favorite%2Cyenisite.abcd%2Ctwim.recaptchafree%2Cbitrix.eshop%2Cyenisite.menu&fullmoduleinfo=Y&SUPD_SRS=RU&SUPD_CMP=N
2023-03-10 14:14:07 -  - exec CUpdateClientPartner::GetHTTPPage
2023-03-10 14:14:07 -  - TIME GetUpdatesList(request) 0.22 sec
2023-03-10 14:14:07 -  - exec CUpdateClientPartner::ParseServerData
2023-03-10 14:14:07 -  - exec CUpdateClientPartner::__CollectRequestData
2023-03-10 14:14:07 -  - exec CUpdateClientPartner::GetHTTPPage
2023-03-10 14:14:07 -  - exec CUpdateClientPartner::ParseServerData
2023-03-26 05:18:54 -  - exec CUpdateClientPartner::GetUpdatesList
2023-03-26 05:18:54 -  - exec CUpdateClientPartner::__CollectRequestData
2023-03-26 05:18:54 -  - utf=Y&lang=ru&stable=Y&CANGZIP=Y&SUPD_DBS=MYSQL&XE=N&CLIENT_SITE=bitrix&LICENSE_KEY=X&SUPD_STS=1&SUPD_URS=0&SUPD_URSA=959&TYPENC=E&CLIENT_PHPVER=7.4.0&NGINX=Y&dbv=10.4.28&instm=main%2C22.600.100%2CN%3Byenisite.worktime%2C1.1.5%2CN%3Bclouds%2C22.200.0%2CN%3Byenisite.oneclick%2C1.4.7%2CN%3Bpull%2C23.0.0%2CN%3Bstoreassist%2C21.0.0%2CN%3Btranslate%2C23.100.0%2CN%3Byenisite.resizer2%2C3.0.2%2CN%3Bfileman%2C22.300.0%2CN%3Bmobileapp%2C22.100.100%2CN%3Byenisite.feedback%2C1.1.20%2CN%3Bsberbank.ecom2%2C1.3.5%2CN%3Blocation%2C22.400.0%2CN%3Bscale%2C21.0.0%2CN%3Bsecurity%2C21.200.200%2CN%3Bsale%2C23.0.0%2CN%3Blanding%2C23.0.0%2CN%3Bconversion%2C22.0.0%2CN%3Bblog%2C22.0.0%2CN%3Bbitrix.sitecorporate%2C15.0.0%2CN%3Bsearch%2C22.100.0%2CN%3Byenisite.catchbuy%2C0.9.16%2CN%3Bbitrixcloud%2C22.100.0%2CN%3Byenisite.core%2C1.8.9%2CN%3Byenisite.geoip%2C1.7.1%2CN%3Bphotogallery%2C22.0.100%2CN%3Brest%2C22.400.100%2CN%3Bartofbx.yandexmetrika%2C1.0.2%2CN%3Biblock%2C22.400.0%2CN%3Beshopapp%2C16.5.0%2CN%3Breport%2C22.200.0%2CN%3Byenisite.b2food%2C2.25.5%2CN%3Bforum%2C22.200.100%2CN%3Byenisite.mainspec%2C1.4.6%2CN%3Bsocialservices%2C22.200.0%2CN%3Bb24connector%2C22.0.0%2CN%3Bcatalog%2C22.1000.0%2CN%3Byenisite.favorite%2C1.0.3%2CN%3Byenisite.abcd%2C1.2.1%2CN%3Bvote%2C23.0.0%2CN%3Bmessageservice%2C22.600.0%2CN%3Btwim.recaptchafree%2C0.1.1%2CN%3Bsender%2C22.500.0%2CN%3Bseo%2C23.0.0%2CN%3Bbitrix.eshop%2C20.5.0%2CN%3Byenisite.menu%2C1.3.11%2CN%3Bhighloadblock%2C22.200.0%2CN%3Babtest%2C21.0.0%2CN%3Bui%2C22.1200.0%2CN%3Bsubscribe%2C21.0.0%2CN%3Bcurrency%2C22.500.0%2CN%3Bperfmon%2C21.0.0%2CN%3Bform%2C22.0.0%2CN&reqm=yenisite.worktime%2Cyenisite.oneclick%2Cyenisite.resizer2%2Cyenisite.feedback%2Csberbank.ecom2%2Cbitrix.sitecorporate%2Cyenisite.catchbuy%2Cyenisite.core%2Cyenisite.geoip%2Cartofbx.yandexmetrika%2Cyenisite.b2food%2Cyenisite.mainspec%2Cyenisite.favorite%2Cyenisite.abcd%2Ctwim.recaptchafree%2Cbitrix.eshop%2Cyenisite.menu%2Cwsrubi.smtp&SUPD_SRS=RU&SUPD_CMP=N
2023-03-26 05:18:54 -  - exec CUpdateClientPartner::GetHTTPPage
2023-03-26 05:18:55 -  - TIME GetUpdatesList(request) 0.513 sec
2023-03-26 05:18:55 -  - exec CUpdateClientPartner::ParseServerData
2023-03-26 05:19:07 -  - exec CUpdateClientPartner::LoadModulesUpdates
2023-03-26 05:19:07 -  - exec CUpdateClientPartner::__CollectRequestData
2023-03-26 05:19:07 -  - utf=Y&lang=ru&stable=Y&CANGZIP=Y&SUPD_DBS=MYSQL&XE=N&CLIENT_SITE=bitrix&LICENSE_KEY=X&SUPD_STS=1&SUPD_URS=0&SUPD_URSA=959&TYPENC=E&CLIENT_PHPVER=7.4.0&NGINX=Y&dbv=10.4.28&instm=main%2C22.600.100%2CN%3Byenisite.worktime%2C1.1.5%2CN%3Bclouds%2C22.200.0%2CN%3Byenisite.oneclick%2C1.4.7%2CN%3Bpull%2C23.0.0%2CN%3Bstoreassist%2C21.0.0%2CN%3Btranslate%2C23.100.0%2CN%3Byenisite.resizer2%2C3.0.2%2CN%3Bfileman%2C22.300.0%2CN%3Bmobileapp%2C22.100.100%2CN%3Byenisite.feedback%2C1.1.20%2CN%3Bsberbank.ecom2%2C1.3.5%2CN%3Blocation%2C22.400.0%2CN%3Bscale%2C21.0.0%2CN%3Bsecurity%2C21.200.200%2CN%3Bsale%2C23.0.0%2CN%3Blanding%2C23.0.0%2CN%3Bconversion%2C22.0.0%2CN%3Bblog%2C22.0.0%2CN%3Bbitrix.sitecorporate%2C15.0.0%2CN%3Bsearch%2C22.100.0%2CN%3Byenisite.catchbuy%2C0.9.16%2CN%3Bbitrixcloud%2C22.100.0%2CN%3Byenisite.core%2C1.8.9%2CN%3Byenisite.geoip%2C1.7.1%2CN%3Bphotogallery%2C22.0.100%2CN%3Brest%2C22.400.100%2CN%3Bartofbx.yandexmetrika%2C1.0.2%2CN%3Biblock%2C22.400.0%2CN%3Beshopapp%2C16.5.0%2CN%3Breport%2C22.200.0%2CN%3Byenisite.b2food%2C2.25.5%2CN%3Bforum%2C22.200.100%2CN%3Byenisite.mainspec%2C1.4.6%2CN%3Bsocialservices%2C22.200.0%2CN%3Bb24connector%2C22.0.0%2CN%3Bcatalog%2C22.1000.0%2CN%3Byenisite.favorite%2C1.0.3%2CN%3Byenisite.abcd%2C1.2.1%2CN%3Bvote%2C23.0.0%2CN%3Bmessageservice%2C22.600.0%2CN%3Btwim.recaptchafree%2C0.1.1%2CN%3Bsender%2C22.500.0%2CN%3Bseo%2C23.0.0%2CN%3Bbitrix.eshop%2C20.5.0%2CN%3Byenisite.menu%2C1.3.11%2CN%3Bhighloadblock%2C22.200.0%2CN%3Babtest%2C21.0.0%2CN%3Bui%2C22.1200.0%2CN%3Bsubscribe%2C21.0.0%2CN%3Bcurrency%2C22.500.0%2CN%3Bperfmon%2C21.0.0%2CN%3Bform%2C22.0.0%2CN&reqm=wsrubi.smtp&lim=Y&SUPD_SRS=RU&SUPD_CMP=N
2023-03-26 05:19:07 -  - exec CUpdateClientPartner::GetHTTPPage
2023-03-26 05:19:08 -  - TIME LoadModulesUpdates(request) 0.242 sec
2023-03-26 05:19:08 -  - exec CUpdateClientPartner::ParseServerData
2023-03-26 05:19:08 - S - STEP
2023-03-26 05:19:08 - LMU01 - LoadModulesUpdates-Step
2023-03-26 05:19:08 -  - exec CUpdateClientPartner::LoadModulesUpdates
2023-03-26 05:19:08 -  - exec CUpdateClientPartner::ParseServerData
2023-03-26 05:19:08 -  - loadFile
2023-03-26 05:19:08 - U - RETURN
2023-03-26 05:19:08 -  - exec CUpdateClientPartner::UnGzipArchive
2023-03-26 05:19:08 -  - TIME UnGzipArchive 0.045 sec
2023-03-26 05:19:08 -  - TIME UpdateStepModules 0.058 sec
2023-03-26 05:19:08 - UPD_SUCCESS - Updated: wsrubi.smtp
2023-03-26 05:19:08 -  - exec CUpdateClientPartner::LoadModulesUpdates
2023-03-26 05:19:08 -  - exec CUpdateClientPartner::__CollectRequestData
2023-03-26 05:19:08 -  - utf=Y&lang=ru&stable=Y&CANGZIP=Y&SUPD_DBS=MYSQL&XE=N&CLIENT_SITE=bitrix&LICENSE_KEY=X&SUPD_STS=1&SUPD_URS=0&SUPD_URSA=959&TYPENC=E&CLIENT_PHPVER=7.4.0&NGINX=Y&dbv=10.4.28&instm=main%2C22.600.100%2CN%3Byenisite.worktime%2C1.1.5%2CN%3Bclouds%2C22.200.0%2CN%3Byenisite.oneclick%2C1.4.7%2CN%3Bpull%2C23.0.0%2CN%3Bstoreassist%2C21.0.0%2CN%3Btranslate%2C23.100.0%2CN%3Byenisite.resizer2%2C3.0.2%2CN%3Bfileman%2C22.300.0%2CN%3Bwsrubi.smtp%2C0.2.10%2CN%3Bmobileapp%2C22.100.100%2CN%3Byenisite.feedback%2C1.1.20%2CN%3Bsberbank.ecom2%2C1.3.5%2CN%3Blocation%2C22.400.0%2CN%3Bscale%2C21.0.0%2CN%3Bsecurity%2C21.200.200%2CN%3Bsale%2C23.0.0%2CN%3Blanding%2C23.0.0%2CN%3Bconversion%2C22.0.0%2CN%3Bblog%2C22.0.0%2CN%3Bbitrix.sitecorporate%2C15.0.0%2CN%3Bsearch%2C22.100.0%2CN%3Byenisite.catchbuy%2C0.9.16%2CN%3Bbitrixcloud%2C22.100.0%2CN%3Byenisite.core%2C1.8.9%2CN%3Byenisite.geoip%2C1.7.1%2CN%3Bphotogallery%2C22.0.100%2CN%3Brest%2C22.400.100%2CN%3Bartofbx.yandexmetrika%2C1.0.2%2CN%3Biblock%2C22.400.0%2CN%3Beshopapp%2C16.5.0%2CN%3Breport%2C22.200.0%2CN%3Byenisite.b2food%2C2.25.5%2CN%3Bforum%2C22.200.100%2CN%3Byenisite.mainspec%2C1.4.6%2CN%3Bsocialservices%2C22.200.0%2CN%3Bb24connector%2C22.0.0%2CN%3Bcatalog%2C22.1000.0%2CN%3Byenisite.favorite%2C1.0.3%2CN%3Byenisite.abcd%2C1.2.1%2CN%3Bvote%2C23.0.0%2CN%3Bmessageservice%2C22.600.0%2CN%3Btwim.recaptchafree%2C0.1.1%2CN%3Bsender%2C22.500.0%2CN%3Bseo%2C23.0.0%2CN%3Bbitrix.eshop%2C20.5.0%2CN%3Byenisite.menu%2C1.3.11%2CN%3Bhighloadblock%2C22.200.0%2CN%3Babtest%2C21.0.0%2CN%3Bui%2C22.1200.0%2CN%3Bsubscribe%2C21.0.0%2CN%3Bcurrency%2C22.500.0%2CN%3Bperfmon%2C21.0.0%2CN%3Bform%2C22.0.0%2CN&reqm=wsrubi.smtp&lim=Y&SUPD_SRS=RU&SUPD_CMP=N
2023-03-26 05:19:08 -  - exec CUpdateClientPartner::GetHTTPPage
2023-03-26 05:19:09 -  - TIME LoadModulesUpdates(request) 0.244 sec
2023-03-26 05:19:09 -  - exec CUpdateClientPartner::ParseServerData
2023-03-26 05:19:09 - S - STEP
2023-03-26 05:19:09 - LMU01 - LoadModulesUpdates-Step
2023-03-26 05:19:09 -  - exec CUpdateClientPartner::LoadModulesUpdates
2023-03-26 05:19:09 -  - exec CUpdateClientPartner::ParseServerData
2023-03-26 05:19:09 -  - loadFile
2023-03-26 05:19:09 - U - RETURN
2023-03-26 05:19:09 -  - exec CUpdateClientPartner::UnGzipArchive
2023-03-26 05:19:09 -  - TIME UnGzipArchive 0.043 sec
2023-03-26 05:19:09 - CSURUS1 - Run updater '/bitrix/updates/update_m1679807949/wsrubi.smtp/updater0.2.11.php'
2023-03-26 05:19:09 -  - TIME UpdateStepModules 0.067 sec
2023-03-26 05:19:09 - UPD_SUCCESS - Updated: wsrubi.smtp (0.2.11)<br>Мелкие исправления
2023-03-26 05:19:09 -  - exec CUpdateClientPartner::LoadModulesUpdates
2023-03-26 05:19:09 -  - exec CUpdateClientPartner::__CollectRequestData
2023-03-26 05:19:09 -  - utf=Y&lang=ru&stable=Y&CANGZIP=Y&SUPD_DBS=MYSQL&XE=N&CLIENT_SITE=bitrix&LICENSE_KEY=X&SUPD_STS=1&SUPD_URS=0&SUPD_URSA=959&TYPENC=E&CLIENT_PHPVER=7.4.0&NGINX=Y&dbv=10.4.28&instm=main%2C22.600.100%2CN%3Byenisite.worktime%2C1.1.5%2CN%3Bclouds%2C22.200.0%2CN%3Byenisite.oneclick%2C1.4.7%2CN%3Bpull%2C23.0.0%2CN%3Bstoreassist%2C21.0.0%2CN%3Btranslate%2C23.100.0%2CN%3Byenisite.resizer2%2C3.0.2%2CN%3Bfileman%2C22.300.0%2CN%3Bwsrubi.smtp%2C0.2.11%2CN%3Bmobileapp%2C22.100.100%2CN%3Byenisite.feedback%2C1.1.20%2CN%3Bsberbank.ecom2%2C1.3.5%2CN%3Blocation%2C22.400.0%2CN%3Bscale%2C21.0.0%2CN%3Bsecurity%2C21.200.200%2CN%3Bsale%2C23.0.0%2CN%3Blanding%2C23.0.0%2CN%3Bconversion%2C22.0.0%2CN%3Bblog%2C22.0.0%2CN%3Bbitrix.sitecorporate%2C15.0.0%2CN%3Bsearch%2C22.100.0%2CN%3Byenisite.catchbuy%2C0.9.16%2CN%3Bbitrixcloud%2C22.100.0%2CN%3Byenisite.core%2C1.8.9%2CN%3Byenisite.geoip%2C1.7.1%2CN%3Bphotogallery%2C22.0.100%2CN%3Brest%2C22.400.100%2CN%3Bartofbx.yandexmetrika%2C1.0.2%2CN%3Biblock%2C22.400.0%2CN%3Beshopapp%2C16.5.0%2CN%3Breport%2C22.200.0%2CN%3Byenisite.b2food%2C2.25.5%2CN%3Bforum%2C22.200.100%2CN%3Byenisite.mainspec%2C1.4.6%2CN%3Bsocialservices%2C22.200.0%2CN%3Bb24connector%2C22.0.0%2CN%3Bcatalog%2C22.1000.0%2CN%3Byenisite.favorite%2C1.0.3%2CN%3Byenisite.abcd%2C1.2.1%2CN%3Bvote%2C23.0.0%2CN%3Bmessageservice%2C22.600.0%2CN%3Btwim.recaptchafree%2C0.1.1%2CN%3Bsender%2C22.500.0%2CN%3Bseo%2C23.0.0%2CN%3Bbitrix.eshop%2C20.5.0%2CN%3Byenisite.menu%2C1.3.11%2CN%3Bhighloadblock%2C22.200.0%2CN%3Babtest%2C21.0.0%2CN%3Bui%2C22.1200.0%2CN%3Bsubscribe%2C21.0.0%2CN%3Bcurrency%2C22.500.0%2CN%3Bperfmon%2C21.0.0%2CN%3Bform%2C22.0.0%2CN&reqm=wsrubi.smtp&lim=Y&SUPD_SRS=RU&SUPD_CMP=N
2023-03-26 05:19:09 -  - exec CUpdateClientPartner::GetHTTPPage
2023-03-26 05:19:09 -  - TIME LoadModulesUpdates(request) 0.229 sec
2023-03-26 05:19:09 -  - exec CUpdateClientPartner::ParseServerData
2023-03-26 05:19:09 - S - STEP
2023-03-26 05:19:09 - LMU01 - LoadModulesUpdates-Step
2023-03-26 05:19:10 -  - exec CUpdateClientPartner::LoadModulesUpdates
2023-03-26 05:19:10 -  - exec CUpdateClientPartner::ParseServerData
2023-03-26 05:19:10 -  - loadFile
2023-03-26 05:19:10 - U - RETURN
2023-03-26 05:19:10 -  - exec CUpdateClientPartner::UnGzipArchive
2023-03-26 05:19:10 -  - TIME UnGzipArchive 0.041 sec
2023-03-26 05:19:10 - CSURUS1 - Run updater '/bitrix/updates/update_m1679807950/wsrubi.smtp/updater0.2.12.php'
2023-03-26 05:19:10 -  - TIME UpdateStepModules 0.072 sec
2023-03-26 05:19:10 - UPD_SUCCESS - Updated: wsrubi.smtp (0.2.12)<br>Для SSL verify_peer = false и verify_peer_name = false
2023-03-26 05:19:10 -  - exec CUpdateClientPartner::LoadModulesUpdates
2023-03-26 05:19:10 -  - exec CUpdateClientPartner::__CollectRequestData
2023-03-26 05:19:10 -  - utf=Y&lang=ru&stable=Y&CANGZIP=Y&SUPD_DBS=MYSQL&XE=N&CLIENT_SITE=bitrix&LICENSE_KEY=X&SUPD_STS=1&SUPD_URS=0&SUPD_URSA=959&TYPENC=E&CLIENT_PHPVER=7.4.0&NGINX=Y&dbv=10.4.28&instm=main%2C22.600.100%2CN%3Byenisite.worktime%2C1.1.5%2CN%3Bclouds%2C22.200.0%2CN%3Byenisite.oneclick%2C1.4.7%2CN%3Bpull%2C23.0.0%2CN%3Bstoreassist%2C21.0.0%2CN%3Btranslate%2C23.100.0%2CN%3Byenisite.resizer2%2C3.0.2%2CN%3Bfileman%2C22.300.0%2CN%3Bwsrubi.smtp%2C0.2.12%2CN%3Bmobileapp%2C22.100.100%2CN%3Byenisite.feedback%2C1.1.20%2CN%3Bsberbank.ecom2%2C1.3.5%2CN%3Blocation%2C22.400.0%2CN%3Bscale%2C21.0.0%2CN%3Bsecurity%2C21.200.200%2CN%3Bsale%2C23.0.0%2CN%3Blanding%2C23.0.0%2CN%3Bconversion%2C22.0.0%2CN%3Bblog%2C22.0.0%2CN%3Bbitrix.sitecorporate%2C15.0.0%2CN%3Bsearch%2C22.100.0%2CN%3Byenisite.catchbuy%2C0.9.16%2CN%3Bbitrixcloud%2C22.100.0%2CN%3Byenisite.core%2C1.8.9%2CN%3Byenisite.geoip%2C1.7.1%2CN%3Bphotogallery%2C22.0.100%2CN%3Brest%2C22.400.100%2CN%3Bartofbx.yandexmetrika%2C1.0.2%2CN%3Biblock%2C22.400.0%2CN%3Beshopapp%2C16.5.0%2CN%3Breport%2C22.200.0%2CN%3Byenisite.b2food%2C2.25.5%2CN%3Bforum%2C22.200.100%2CN%3Byenisite.mainspec%2C1.4.6%2CN%3Bsocialservices%2C22.200.0%2CN%3Bb24connector%2C22.0.0%2CN%3Bcatalog%2C22.1000.0%2CN%3Byenisite.favorite%2C1.0.3%2CN%3Byenisite.abcd%2C1.2.1%2CN%3Bvote%2C23.0.0%2CN%3Bmessageservice%2C22.600.0%2CN%3Btwim.recaptchafree%2C0.1.1%2CN%3Bsender%2C22.500.0%2CN%3Bseo%2C23.0.0%2CN%3Bbitrix.eshop%2C20.5.0%2CN%3Byenisite.menu%2C1.3.11%2CN%3Bhighloadblock%2C22.200.0%2CN%3Babtest%2C21.0.0%2CN%3Bui%2C22.1200.0%2CN%3Bsubscribe%2C21.0.0%2CN%3Bcurrency%2C22.500.0%2CN%3Bperfmon%2C21.0.0%2CN%3Bform%2C22.0.0%2CN&reqm=wsrubi.smtp&lim=Y&SUPD_SRS=RU&SUPD_CMP=N
2023-03-26 05:19:10 -  - exec CUpdateClientPartner::GetHTTPPage
2023-03-26 05:19:10 -  - TIME LoadModulesUpdates(request) 0.251 sec
2023-03-26 05:19:10 -  - exec CUpdateClientPartner::ParseServerData
2023-03-26 05:19:10 - S - STEP
2023-03-26 05:19:10 - LMU01 - LoadModulesUpdates-Step
2023-03-26 05:19:10 -  - exec CUpdateClientPartner::LoadModulesUpdates
2023-03-26 05:19:10 -  - exec CUpdateClientPartner::ParseServerData
2023-03-26 05:19:10 -  - loadFile
2023-03-26 05:19:11 - U - RETURN
2023-03-26 05:19:11 -  - exec CUpdateClientPartner::UnGzipArchive
2023-03-26 05:19:11 -  - TIME UnGzipArchive 0.042 sec
2023-03-26 05:19:11 - CSURUS1 - Run updater '/bitrix/updates/update_m1679807951/wsrubi.smtp/updater0.2.13.php'
2023-03-26 05:19:11 -  - TIME UpdateStepModules 0.081 sec
2023-03-26 05:19:11 - UPD_SUCCESS - Updated: wsrubi.smtp (0.2.13)<br>Улучшена совместимость Добавлен функционал вырезания заголовков
2023-03-26 05:19:11 -  - exec CUpdateClientPartner::LoadModulesUpdates
2023-03-26 05:19:11 -  - exec CUpdateClientPartner::__CollectRequestData
2023-03-26 05:19:11 -  - utf=Y&lang=ru&stable=Y&CANGZIP=Y&SUPD_DBS=MYSQL&XE=N&CLIENT_SITE=bitrix&LICENSE_KEY=X&SUPD_STS=1&SUPD_URS=0&SUPD_URSA=959&TYPENC=E&CLIENT_PHPVER=7.4.0&NGINX=Y&dbv=10.4.28&instm=main%2C22.600.100%2CN%3Byenisite.worktime%2C1.1.5%2CN%3Bclouds%2C22.200.0%2CN%3Byenisite.oneclick%2C1.4.7%2CN%3Bpull%2C23.0.0%2CN%3Bstoreassist%2C21.0.0%2CN%3Btranslate%2C23.100.0%2CN%3Byenisite.resizer2%2C3.0.2%2CN%3Bfileman%2C22.300.0%2CN%3Bwsrubi.smtp%2C0.2.13%2CN%3Bmobileapp%2C22.100.100%2CN%3Byenisite.feedback%2C1.1.20%2CN%3Bsberbank.ecom2%2C1.3.5%2CN%3Blocation%2C22.400.0%2CN%3Bscale%2C21.0.0%2CN%3Bsecurity%2C21.200.200%2CN%3Bsale%2C23.0.0%2CN%3Blanding%2C23.0.0%2CN%3Bconversion%2C22.0.0%2CN%3Bblog%2C22.0.0%2CN%3Bbitrix.sitecorporate%2C15.0.0%2CN%3Bsearch%2C22.100.0%2CN%3Byenisite.catchbuy%2C0.9.16%2CN%3Bbitrixcloud%2C22.100.0%2CN%3Byenisite.core%2C1.8.9%2CN%3Byenisite.geoip%2C1.7.1%2CN%3Bphotogallery%2C22.0.100%2CN%3Brest%2C22.400.100%2CN%3Bartofbx.yandexmetrika%2C1.0.2%2CN%3Biblock%2C22.400.0%2CN%3Beshopapp%2C16.5.0%2CN%3Breport%2C22.200.0%2CN%3Byenisite.b2food%2C2.25.5%2CN%3Bforum%2C22.200.100%2CN%3Byenisite.mainspec%2C1.4.6%2CN%3Bsocialservices%2C22.200.0%2CN%3Bb24connector%2C22.0.0%2CN%3Bcatalog%2C22.1000.0%2CN%3Byenisite.favorite%2C1.0.3%2CN%3Byenisite.abcd%2C1.2.1%2CN%3Bvote%2C23.0.0%2CN%3Bmessageservice%2C22.600.0%2CN%3Btwim.recaptchafree%2C0.1.1%2CN%3Bsender%2C22.500.0%2CN%3Bseo%2C23.0.0%2CN%3Bbitrix.eshop%2C20.5.0%2CN%3Byenisite.menu%2C1.3.11%2CN%3Bhighloadblock%2C22.200.0%2CN%3Babtest%2C21.0.0%2CN%3Bui%2C22.1200.0%2CN%3Bsubscribe%2C21.0.0%2CN%3Bcurrency%2C22.500.0%2CN%3Bperfmon%2C21.0.0%2CN%3Bform%2C22.0.0%2CN&reqm=wsrubi.smtp&lim=Y&SUPD_SRS=RU&SUPD_CMP=N
2023-03-26 05:19:11 -  - exec CUpdateClientPartner::GetHTTPPage
2023-03-26 05:19:11 -  - TIME LoadModulesUpdates(request) 0.238 sec
2023-03-26 05:19:11 -  - exec CUpdateClientPartner::ParseServerData
2023-03-26 05:19:11 - STEP - Finish - NOUPDATES
2023-03-26 05:19:11 - STEP - Finish - NOUPDATES
2023-03-26 05:19:13 -  - exec CUpdateClientPartner::GetUpdatesList
2023-03-26 05:19:13 -  - exec CUpdateClientPartner::__CollectRequestData
2023-03-26 05:19:13 -  - utf=Y&lang=ru&stable=Y&CANGZIP=Y&SUPD_DBS=MYSQL&XE=N&CLIENT_SITE=bitrix&LICENSE_KEY=X&SUPD_STS=1&SUPD_URS=0&SUPD_URSA=959&TYPENC=E&CLIENT_PHPVER=7.4.0&NGINX=Y&dbv=10.4.28&instm=main%2C22.600.100%2CN%3Byenisite.worktime%2C1.1.5%2CN%3Bclouds%2C22.200.0%2CN%3Byenisite.oneclick%2C1.4.7%2CN%3Bpull%2C23.0.0%2CN%3Bstoreassist%2C21.0.0%2CN%3Btranslate%2C23.100.0%2CN%3Byenisite.resizer2%2C3.0.2%2CN%3Bfileman%2C22.300.0%2CN%3Bwsrubi.smtp%2C0.2.13%2CN%3Bmobileapp%2C22.100.100%2CN%3Byenisite.feedback%2C1.1.20%2CN%3Bsberbank.ecom2%2C1.3.5%2CN%3Blocation%2C22.400.0%2CN%3Bscale%2C21.0.0%2CN%3Bsecurity%2C21.200.200%2CN%3Bsale%2C23.0.0%2CN%3Blanding%2C23.0.0%2CN%3Bconversion%2C22.0.0%2CN%3Bblog%2C22.0.0%2CN%3Bbitrix.sitecorporate%2C15.0.0%2CN%3Bsearch%2C22.100.0%2CN%3Byenisite.catchbuy%2C0.9.16%2CN%3Bbitrixcloud%2C22.100.0%2CN%3Byenisite.core%2C1.8.9%2CN%3Byenisite.geoip%2C1.7.1%2CN%3Bphotogallery%2C22.0.100%2CN%3Brest%2C22.400.100%2CN%3Bartofbx.yandexmetrika%2C1.0.2%2CN%3Biblock%2C22.400.0%2CN%3Beshopapp%2C16.5.0%2CN%3Breport%2C22.200.0%2CN%3Byenisite.b2food%2C2.25.5%2CN%3Bforum%2C22.200.100%2CN%3Byenisite.mainspec%2C1.4.6%2CN%3Bsocialservices%2C22.200.0%2CN%3Bb24connector%2C22.0.0%2CN%3Bcatalog%2C22.1000.0%2CN%3Byenisite.favorite%2C1.0.3%2CN%3Byenisite.abcd%2C1.2.1%2CN%3Bvote%2C23.0.0%2CN%3Bmessageservice%2C22.600.0%2CN%3Btwim.recaptchafree%2C0.1.1%2CN%3Bsender%2C22.500.0%2CN%3Bseo%2C23.0.0%2CN%3Bbitrix.eshop%2C20.5.0%2CN%3Byenisite.menu%2C1.3.11%2CN%3Bhighloadblock%2C22.200.0%2CN%3Babtest%2C21.0.0%2CN%3Bui%2C22.1200.0%2CN%3Bsubscribe%2C21.0.0%2CN%3Bcurrency%2C22.500.0%2CN%3Bperfmon%2C21.0.0%2CN%3Bform%2C22.0.0%2CN&reqm=yenisite.worktime%2Cyenisite.oneclick%2Cyenisite.resizer2%2Cwsrubi.smtp%2Cyenisite.feedback%2Csberbank.ecom2%2Cbitrix.sitecorporate%2Cyenisite.catchbuy%2Cyenisite.core%2Cyenisite.geoip%2Cartofbx.yandexmetrika%2Cyenisite.b2food%2Cyenisite.mainspec%2Cyenisite.favorite%2Cyenisite.abcd%2Ctwim.recaptchafree%2Cbitrix.eshop%2Cyenisite.menu&fullmoduleinfo=Y&SUPD_SRS=RU&SUPD_CMP=N
2023-03-26 05:19:13 -  - exec CUpdateClientPartner::GetHTTPPage
2023-03-26 05:19:13 -  - TIME GetUpdatesList(request) 0.259 sec
2023-03-26 05:19:13 -  - exec CUpdateClientPartner::ParseServerData
2023-03-26 05:19:13 -  - exec CUpdateClientPartner::GetUpdatesList
2023-03-26 05:19:13 -  - exec CUpdateClientPartner::__CollectRequestData
2023-03-26 05:19:13 -  - utf=Y&lang=ru&stable=Y&CANGZIP=Y&SUPD_DBS=MYSQL&XE=N&CLIENT_SITE=bitrix&LICENSE_KEY=X&SUPD_STS=1&SUPD_URS=0&SUPD_URSA=959&TYPENC=E&CLIENT_PHPVER=7.4.0&NGINX=Y&dbv=10.4.28&instm=main%2C22.600.100%2CN%3Byenisite.worktime%2C1.1.5%2CN%3Bclouds%2C22.200.0%2CN%3Byenisite.oneclick%2C1.4.7%2CN%3Bpull%2C23.0.0%2CN%3Bstoreassist%2C21.0.0%2CN%3Btranslate%2C23.100.0%2CN%3Byenisite.resizer2%2C3.0.2%2CN%3Bfileman%2C22.300.0%2CN%3Bwsrubi.smtp%2C0.2.13%2CN%3Bmobileapp%2C22.100.100%2CN%3Byenisite.feedback%2C1.1.20%2CN%3Bsberbank.ecom2%2C1.3.5%2CN%3Blocation%2C22.400.0%2CN%3Bscale%2C21.0.0%2CN%3Bsecurity%2C21.200.200%2CN%3Bsale%2C23.0.0%2CN%3Blanding%2C23.0.0%2CN%3Bconversion%2C22.0.0%2CN%3Bblog%2C22.0.0%2CN%3Bbitrix.sitecorporate%2C15.0.0%2CN%3Bsearch%2C22.100.0%2CN%3Byenisite.catchbuy%2C0.9.16%2CN%3Bbitrixcloud%2C22.100.0%2CN%3Byenisite.core%2C1.8.9%2CN%3Byenisite.geoip%2C1.7.1%2CN%3Bphotogallery%2C22.0.100%2CN%3Brest%2C22.400.100%2CN%3Bartofbx.yandexmetrika%2C1.0.2%2CN%3Biblock%2C22.400.0%2CN%3Beshopapp%2C16.5.0%2CN%3Breport%2C22.200.0%2CN%3Byenisite.b2food%2C2.25.5%2CN%3Bforum%2C22.200.100%2CN%3Byenisite.mainspec%2C1.4.6%2CN%3Bsocialservices%2C22.200.0%2CN%3Bb24connector%2C22.0.0%2CN%3Bcatalog%2C22.1000.0%2CN%3Byenisite.favorite%2C1.0.3%2CN%3Byenisite.abcd%2C1.2.1%2CN%3Bvote%2C23.0.0%2CN%3Bmessageservice%2C22.600.0%2CN%3Btwim.recaptchafree%2C0.1.1%2CN%3Bsender%2C22.500.0%2CN%3Bseo%2C23.0.0%2CN%3Bbitrix.eshop%2C20.5.0%2CN%3Byenisite.menu%2C1.3.11%2CN%3Bhighloadblock%2C22.200.0%2CN%3Babtest%2C21.0.0%2CN%3Bui%2C22.1200.0%2CN%3Bsubscribe%2C21.0.0%2CN%3Bcurrency%2C22.500.0%2CN%3Bperfmon%2C21.0.0%2CN%3Bform%2C22.0.0%2CN&reqm=yenisite.worktime%2Cyenisite.oneclick%2Cyenisite.resizer2%2Cwsrubi.smtp%2Cyenisite.feedback%2Csberbank.ecom2%2Cbitrix.sitecorporate%2Cyenisite.catchbuy%2Cyenisite.core%2Cyenisite.geoip%2Cartofbx.yandexmetrika%2Cyenisite.b2food%2Cyenisite.mainspec%2Cyenisite.favorite%2Cyenisite.abcd%2Ctwim.recaptchafree%2Cbitrix.eshop%2Cyenisite.menu&fullmoduleinfo=Y&SUPD_SRS=RU&SUPD_CMP=N
2023-03-26 05:19:13 -  - exec CUpdateClientPartner::GetHTTPPage
2023-03-26 05:19:13 -  - TIME GetUpdatesList(request) 0.219 sec
2023-03-26 05:19:13 -  - exec CUpdateClientPartner::ParseServerData
2023-03-27 15:08:40 -  - exec CUpdateClientPartner::__CollectRequestData
2023-03-27 15:08:40 -  - exec CUpdateClientPartner::GetHTTPPage
2023-03-27 15:08:41 -  - exec CUpdateClientPartner::ParseServerData
2023-03-27 15:08:41 -  - exec CUpdateClientPartner::GetUpdatesList
2023-03-27 15:08:41 -  - exec CUpdateClientPartner::__CollectRequestData
2023-03-27 15:08:41 -  - utf=Y&lang=ru&stable=Y&CANGZIP=Y&SUPD_DBS=MYSQL&XE=N&CLIENT_SITE=bitrix&LICENSE_KEY=X&SUPD_STS=1&SUPD_URS=0&SUPD_URSA=959&TYPENC=E&CLIENT_PHPVER=7.4.0&NGINX=Y&dbv=10.4.28&instm=main%2C22.600.100%2CN%3Byenisite.worktime%2C1.1.5%2CN%3Bclouds%2C22.200.0%2CN%3Byenisite.oneclick%2C1.4.7%2CN%3Bpull%2C23.0.0%2CN%3Bstoreassist%2C21.0.0%2CN%3Btranslate%2C23.100.0%2CN%3Byenisite.resizer2%2C3.0.2%2CN%3Bfileman%2C22.300.0%2CN%3Bwsrubi.smtp%2C0.2.13%2CN%3Bmobileapp%2C22.100.100%2CN%3Byenisite.feedback%2C1.1.20%2CN%3Bsberbank.ecom2%2C1.3.5%2CN%3Blocation%2C22.400.0%2CN%3Bscale%2C21.0.0%2CN%3Bsecurity%2C21.200.200%2CN%3Bsale%2C23.0.0%2CN%3Blanding%2C23.0.0%2CN%3Bconversion%2C22.0.0%2CN%3Bblog%2C22.0.0%2CN%3Bbitrix.sitecorporate%2C15.0.0%2CN%3Bsearch%2C22.100.0%2CN%3Byenisite.catchbuy%2C0.9.16%2CN%3Bbitrixcloud%2C22.100.0%2CN%3Byenisite.core%2C1.8.9%2CN%3Byenisite.geoip%2C1.7.1%2CN%3Bphotogallery%2C22.0.100%2CN%3Brest%2C22.400.100%2CN%3Bartofbx.yandexmetrika%2C1.0.2%2CN%3Biblock%2C22.400.0%2CN%3Beshopapp%2C16.5.0%2CN%3Breport%2C22.200.0%2CN%3Byenisite.b2food%2C2.25.5%2CN%3Bforum%2C22.200.100%2CN%3Byenisite.mainspec%2C1.4.6%2CN%3Bsocialservices%2C22.200.0%2CN%3Bb24connector%2C22.0.0%2CN%3Bcatalog%2C22.1000.0%2CN%3Byenisite.favorite%2C1.0.3%2CN%3Byenisite.abcd%2C1.2.1%2CN%3Bvote%2C23.0.0%2CN%3Bmessageservice%2C22.600.0%2CN%3Btwim.recaptchafree%2C0.1.1%2CN%3Bsender%2C22.500.0%2CN%3Bseo%2C23.0.0%2CN%3Bbitrix.eshop%2C20.5.0%2CN%3Byenisite.menu%2C1.3.11%2CN%3Bhighloadblock%2C22.200.0%2CN%3Babtest%2C21.0.0%2CN%3Bui%2C22.1200.0%2CN%3Bsubscribe%2C21.0.0%2CN%3Bcurrency%2C22.500.0%2CN%3Bperfmon%2C21.0.0%2CN%3Bform%2C22.0.0%2CN&reqm=yenisite.worktime%2Cyenisite.oneclick%2Cyenisite.resizer2%2Cwsrubi.smtp%2Cyenisite.feedback%2Csberbank.ecom2%2Cbitrix.sitecorporate%2Cyenisite.catchbuy%2Cyenisite.core%2Cyenisite.geoip%2Cartofbx.yandexmetrika%2Cyenisite.b2food%2Cyenisite.mainspec%2Cyenisite.favorite%2Cyenisite.abcd%2Ctwim.recaptchafree%2Cbitrix.eshop%2Cyenisite.menu&fullmoduleinfo=Y&SUPD_SRS=RU&SUPD_CMP=N
2023-03-27 15:08:41 -  - exec CUpdateClientPartner::GetHTTPPage
2023-03-27 15:08:41 -  - TIME GetUpdatesList(request) 0.217 sec
2023-03-27 15:08:41 -  - exec CUpdateClientPartner::ParseServerData
2023-03-27 15:08:41 -  - exec CUpdateClientPartner::__CollectRequestData
2023-03-27 15:08:41 -  - exec CUpdateClientPartner::GetHTTPPage
2023-03-27 15:08:41 -  - exec CUpdateClientPartner::ParseServerData
2023-04-05 16:08:13 -  - exec CUpdateClientPartner::__CollectRequestData
2023-04-05 16:08:13 -  - exec CUpdateClientPartner::GetHTTPPage
2023-04-05 16:08:14 -  - exec CUpdateClientPartner::ParseServerData
2023-04-05 16:08:14 -  - exec CUpdateClientPartner::GetUpdatesList
2023-04-05 16:08:14 -  - exec CUpdateClientPartner::__CollectRequestData
2023-04-05 16:08:14 -  - utf=Y&lang=ru&stable=Y&CANGZIP=Y&SUPD_DBS=MYSQL&XE=N&CLIENT_SITE=bitrix&LICENSE_KEY=X&SUPD_STS=1&SUPD_URS=0&SUPD_URSA=960&TYPENC=E&CLIENT_PHPVER=7.4.0&NGINX=Y&dbv=10.4.28&instm=main%2C22.600.100%2CN%3Byenisite.worktime%2C1.1.5%2CN%3Bclouds%2C22.200.0%2CN%3Byenisite.oneclick%2C1.4.7%2CN%3Bpull%2C23.0.0%2CN%3Bstoreassist%2C21.0.0%2CN%3Btranslate%2C23.100.0%2CN%3Byenisite.resizer2%2C3.0.2%2CN%3Bfileman%2C22.300.0%2CN%3Bwsrubi.smtp%2C0.2.13%2CN%3Bmobileapp%2C22.100.100%2CN%3Byenisite.feedback%2C1.1.20%2CN%3Bsberbank.ecom2%2C1.3.5%2CN%3Blocation%2C22.400.0%2CN%3Bscale%2C21.0.0%2CN%3Bsecurity%2C21.200.200%2CN%3Bsale%2C23.0.0%2CN%3Blanding%2C23.0.0%2CN%3Bconversion%2C22.0.0%2CN%3Bblog%2C22.0.0%2CN%3Bbitrix.sitecorporate%2C15.0.0%2CN%3Bsearch%2C22.100.0%2CN%3Byenisite.catchbuy%2C0.9.16%2CN%3Bbitrixcloud%2C22.100.0%2CN%3Byenisite.core%2C1.8.9%2CN%3Byenisite.geoip%2C1.7.1%2CN%3Bphotogallery%2C22.0.100%2CN%3Brest%2C22.400.100%2CN%3Bartofbx.yandexmetrika%2C1.0.2%2CN%3Biblock%2C22.400.0%2CN%3Beshopapp%2C16.5.0%2CN%3Breport%2C22.200.0%2CN%3Byenisite.b2food%2C2.25.5%2CN%3Bforum%2C22.200.100%2CN%3Byenisite.mainspec%2C1.4.6%2CN%3Bsocialservices%2C22.200.0%2CN%3Bb24connector%2C22.0.0%2CN%3Bcatalog%2C22.1000.0%2CN%3Byenisite.favorite%2C1.0.3%2CN%3Byenisite.abcd%2C1.2.1%2CN%3Bvote%2C23.0.0%2CN%3Bmessageservice%2C22.600.0%2CN%3Btwim.recaptchafree%2C0.1.1%2CN%3Bsender%2C22.500.0%2CN%3Bseo%2C23.0.0%2CN%3Bbitrix.eshop%2C20.5.0%2CN%3Byenisite.menu%2C1.3.11%2CN%3Bhighloadblock%2C22.200.0%2CN%3Babtest%2C21.0.0%2CN%3Bui%2C22.1200.0%2CN%3Bsubscribe%2C21.0.0%2CN%3Bcurrency%2C22.500.0%2CN%3Bperfmon%2C21.0.0%2CN%3Bform%2C22.0.0%2CN&reqm=yenisite.worktime%2Cyenisite.oneclick%2Cyenisite.resizer2%2Cwsrubi.smtp%2Cyenisite.feedback%2Csberbank.ecom2%2Cbitrix.sitecorporate%2Cyenisite.catchbuy%2Cyenisite.core%2Cyenisite.geoip%2Cartofbx.yandexmetrika%2Cyenisite.b2food%2Cyenisite.mainspec%2Cyenisite.favorite%2Cyenisite.abcd%2Ctwim.recaptchafree%2Cbitrix.eshop%2Cyenisite.menu&fullmoduleinfo=Y&SUPD_SRS=RU&SUPD_CMP=N
2023-04-05 16:08:14 -  - exec CUpdateClientPartner::GetHTTPPage
2023-04-05 16:08:14 -  - TIME GetUpdatesList(request) 0.203 sec
2023-04-05 16:08:14 -  - exec CUpdateClientPartner::ParseServerData
2023-04-05 16:08:14 -  - exec CUpdateClientPartner::__CollectRequestData
2023-04-05 16:08:14 -  - exec CUpdateClientPartner::GetHTTPPage
2023-04-05 16:08:14 -  - exec CUpdateClientPartner::ParseServerData
2023-04-13 02:58:48 -  - exec CUpdateClientPartner::__CollectRequestData
2023-04-13 02:58:48 -  - exec CUpdateClientPartner::GetHTTPPage
2023-04-13 02:58:48 -  - exec CUpdateClientPartner::ParseServerData
2023-04-13 02:58:48 -  - exec CUpdateClientPartner::GetUpdatesList
2023-04-13 02:58:48 -  - exec CUpdateClientPartner::__CollectRequestData
2023-04-13 02:58:48 -  - utf=Y&lang=ru&stable=Y&CANGZIP=Y&SUPD_DBS=MYSQL&XE=N&CLIENT_SITE=bitrix&LICENSE_KEY=X&SUPD_STS=1&SUPD_URS=0&SUPD_URSA=963&TYPENC=E&CLIENT_PHPVER=7.4.0&NGINX=Y&dbv=10.4.28&instm=main%2C22.600.100%2CN%3Byenisite.worktime%2C1.1.5%2CN%3Bclouds%2C22.200.0%2CN%3Byenisite.oneclick%2C1.4.7%2CN%3Bpull%2C23.0.0%2CN%3Bstoreassist%2C21.0.0%2CN%3Btranslate%2C23.100.0%2CN%3Byenisite.resizer2%2C3.0.2%2CN%3Bfileman%2C22.300.0%2CN%3Bwsrubi.smtp%2C0.2.13%2CN%3Bmobileapp%2C22.100.100%2CN%3Byenisite.feedback%2C1.1.20%2CN%3Bsberbank.ecom2%2C1.3.5%2CN%3Blocation%2C22.400.0%2CN%3Bscale%2C21.0.0%2CN%3Bsecurity%2C21.200.200%2CN%3Bsale%2C23.0.0%2CN%3Blanding%2C23.0.0%2CN%3Bconversion%2C22.0.0%2CN%3Bblog%2C22.0.0%2CN%3Bbitrix.sitecorporate%2C15.0.0%2CN%3Bsearch%2C22.100.0%2CN%3Byenisite.catchbuy%2C0.9.16%2CN%3Bbitrixcloud%2C22.100.0%2CN%3Byenisite.core%2C1.8.9%2CN%3Byenisite.geoip%2C1.7.1%2CN%3Bphotogallery%2C22.0.100%2CN%3Brest%2C22.400.100%2CN%3Bartofbx.yandexmetrika%2C1.0.2%2CN%3Biblock%2C22.400.0%2CN%3Beshopapp%2C16.5.0%2CN%3Breport%2C22.200.0%2CN%3Byenisite.b2food%2C2.25.5%2CN%3Bforum%2C22.200.100%2CN%3Byenisite.mainspec%2C1.4.6%2CN%3Bsocialservices%2C22.200.0%2CN%3Bb24connector%2C22.0.0%2CN%3Bcatalog%2C22.1000.0%2CN%3Byenisite.favorite%2C1.0.3%2CN%3Byenisite.abcd%2C1.2.1%2CN%3Bvote%2C23.0.0%2CN%3Bmessageservice%2C22.600.0%2CN%3Btwim.recaptchafree%2C0.1.1%2CN%3Bsender%2C22.500.0%2CN%3Bseo%2C23.0.0%2CN%3Bbitrix.eshop%2C20.5.0%2CN%3Byenisite.menu%2C1.3.11%2CN%3Bhighloadblock%2C22.200.0%2CN%3Babtest%2C21.0.0%2CN%3Bui%2C22.1200.0%2CN%3Bsubscribe%2C21.0.0%2CN%3Bcurrency%2C22.500.0%2CN%3Bperfmon%2C21.0.0%2CN%3Bform%2C22.0.0%2CN&reqm=yenisite.worktime%2Cyenisite.oneclick%2Cyenisite.resizer2%2Cwsrubi.smtp%2Cyenisite.feedback%2Csberbank.ecom2%2Cbitrix.sitecorporate%2Cyenisite.catchbuy%2Cyenisite.core%2Cyenisite.geoip%2Cartofbx.yandexmetrika%2Cyenisite.b2food%2Cyenisite.mainspec%2Cyenisite.favorite%2Cyenisite.abcd%2Ctwim.recaptchafree%2Cbitrix.eshop%2Cyenisite.menu&fullmoduleinfo=Y&SUPD_SRS=RU&SUPD_CMP=N
2023-04-13 02:58:48 -  - exec CUpdateClientPartner::GetHTTPPage
2023-04-13 02:58:49 -  - TIME GetUpdatesList(request) 0.235 sec
2023-04-13 02:58:49 -  - exec CUpdateClientPartner::ParseServerData
2023-04-13 02:58:49 -  - exec CUpdateClientPartner::__CollectRequestData
2023-04-13 02:58:49 -  - exec CUpdateClientPartner::GetHTTPPage
2023-04-13 02:58:49 -  - exec CUpdateClientPartner::ParseServerData
2023-04-20 05:06:40 -  - exec CUpdateClientPartner::__CollectRequestData
2023-04-20 05:06:40 -  - exec CUpdateClientPartner::GetHTTPPage
2023-04-20 05:06:40 -  - exec CUpdateClientPartner::ParseServerData
2023-04-20 05:06:40 -  - exec CUpdateClientPartner::GetUpdatesList
2023-04-20 05:06:40 -  - exec CUpdateClientPartner::__CollectRequestData
2023-04-20 05:06:40 -  - utf=Y&lang=ru&stable=Y&CANGZIP=Y&SUPD_DBS=MYSQL&XE=N&CLIENT_SITE=bitrix&LICENSE_KEY=X&SUPD_STS=1&SUPD_URS=0&SUPD_URSA=964&TYPENC=E&CLIENT_PHPVER=7.4.0&NGINX=Y&dbv=10.4.28&instm=main%2C22.600.300%2CN%3Byenisite.worktime%2C1.1.5%2CN%3Bclouds%2C22.200.0%2CN%3Byenisite.oneclick%2C1.4.7%2CN%3Bpull%2C23.0.0%2CN%3Bstoreassist%2C21.0.0%2CN%3Btranslate%2C23.100.0%2CN%3Byenisite.resizer2%2C3.0.2%2CN%3Bfileman%2C22.300.0%2CN%3Bwsrubi.smtp%2C0.2.13%2CN%3Bmobileapp%2C22.100.100%2CN%3Byenisite.feedback%2C1.1.20%2CN%3Bsberbank.ecom2%2C1.3.5%2CN%3Blocation%2C22.400.0%2CN%3Bscale%2C21.0.0%2CN%3Bsecurity%2C21.300.0%2CN%3Bsale%2C23.0.200%2CN%3Blanding%2C23.0.0%2CN%3Bconversion%2C22.0.0%2CN%3Bblog%2C22.0.0%2CN%3Bbitrix.sitecorporate%2C15.0.0%2CN%3Bsearch%2C22.100.0%2CN%3Byenisite.catchbuy%2C0.9.16%2CN%3Bbitrixcloud%2C22.100.0%2CN%3Byenisite.core%2C1.8.9%2CN%3Byenisite.geoip%2C1.7.1%2CN%3Bphotogallery%2C22.0.200%2CN%3Brest%2C22.400.100%2CN%3Bartofbx.yandexmetrika%2C1.0.2%2CN%3Biblock%2C22.400.100%2CN%3Beshopapp%2C16.5.0%2CN%3Breport%2C22.200.50%2CN%3Byenisite.b2food%2C2.25.5%2CN%3Bforum%2C22.200.200%2CN%3Byenisite.mainspec%2C1.4.6%2CN%3Bsocialservices%2C22.200.0%2CN%3Bb24connector%2C22.0.0%2CN%3Bcatalog%2C22.1000.0%2CN%3Byenisite.favorite%2C1.0.3%2CN%3Byenisite.abcd%2C1.2.1%2CN%3Bvote%2C23.0.0%2CN%3Bmessageservice%2C22.600.0%2CN%3Btwim.recaptchafree%2C0.1.1%2CN%3Bsender%2C22.500.100%2CN%3Bseo%2C23.0.200%2CN%3Bbitrix.eshop%2C20.5.0%2CN%3Byenisite.menu%2C1.3.11%2CN%3Bhighloadblock%2C22.200.0%2CN%3Babtest%2C21.0.0%2CN%3Bui%2C22.1200.0%2CN%3Bsubscribe%2C21.0.0%2CN%3Bcurrency%2C22.500.0%2CN%3Bperfmon%2C21.0.0%2CN%3Bform%2C22.0.0%2CN&reqm=yenisite.worktime%2Cyenisite.oneclick%2Cyenisite.resizer2%2Cwsrubi.smtp%2Cyenisite.feedback%2Csberbank.ecom2%2Cbitrix.sitecorporate%2Cyenisite.catchbuy%2Cyenisite.core%2Cyenisite.geoip%2Cartofbx.yandexmetrika%2Cyenisite.b2food%2Cyenisite.mainspec%2Cyenisite.favorite%2Cyenisite.abcd%2Ctwim.recaptchafree%2Cbitrix.eshop%2Cyenisite.menu&fullmoduleinfo=Y&SUPD_SRS=RU&SUPD_CMP=N
2023-04-20 05:06:40 -  - exec CUpdateClientPartner::GetHTTPPage
2023-04-20 05:06:41 -  - TIME GetUpdatesList(request) 0.214 sec
2023-04-20 05:06:41 -  - exec CUpdateClientPartner::ParseServerData
2023-04-20 05:06:41 -  - exec CUpdateClientPartner::__CollectRequestData
2023-04-20 05:06:41 -  - exec CUpdateClientPartner::GetHTTPPage
2023-04-20 05:06:41 -  - exec CUpdateClientPartner::ParseServerData
2023-04-29 11:09:29 -  - exec CUpdateClientPartner::__CollectRequestData
2023-04-29 11:09:29 -  - exec CUpdateClientPartner::GetHTTPPage
2023-04-29 11:09:30 -  - exec CUpdateClientPartner::ParseServerData
2023-04-29 11:09:30 -  - exec CUpdateClientPartner::GetUpdatesList
2023-04-29 11:09:30 -  - exec CUpdateClientPartner::__CollectRequestData
2023-04-29 11:09:30 -  - utf=Y&lang=ru&stable=Y&CANGZIP=Y&SUPD_DBS=MYSQL&XE=N&CLIENT_SITE=local.on.su&LICENSE_KEY=X&SUPD_STS=1&SUPD_URS=0&SUPD_URSA=964&TYPENC=E&CLIENT_PHPVER=7.4.30&NGINX=Y&dbv=10.8.4&instm=main%2C22.600.300%2CN%3Babtest%2C21.0.0%2CN%3Bartofbx.yandexmetrika%2C1.0.2%2CN%3Bb24connector%2C22.0.0%2CN%3Bbitrix.eshop%2C20.5.0%2CN%3Bbitrix.sitecorporate%2C15.0.0%2CN%3Bbitrixcloud%2C22.100.0%2CN%3Bblog%2C22.0.0%2CN%3Bcatalog%2C22.1000.0%2CN%3Bclouds%2C22.200.0%2CN%3Bconversion%2C22.0.0%2CN%3Bcurrency%2C22.500.0%2CN%3Beshopapp%2C16.5.0%2CN%3Bfileman%2C22.300.0%2CN%3Bform%2C22.0.0%2CN%3Bforum%2C22.200.200%2CN%3Bhighloadblock%2C22.200.0%2CN%3Biblock%2C22.400.100%2CN%3Blanding%2C23.0.0%2CN%3Blocation%2C22.400.0%2CN%3Bmessageservice%2C22.600.0%2CN%3Bmobileapp%2C22.100.100%2CN%3Bperfmon%2C21.0.0%2CN%3Bphotogallery%2C22.0.200%2CN%3Bpull%2C23.0.0%2CN%3Breport%2C22.200.50%2CN%3Brest%2C22.400.100%2CN%3Bsale%2C23.0.200%2CN%3Bsberbank.ecom2%2C1.3.5%2CN%3Bscale%2C21.0.0%2CN%3Bsearch%2C22.100.0%2CN%3Bsecurity%2C21.300.0%2CN%3Bsender%2C22.500.100%2CN%3Bseo%2C23.0.200%2CN%3Bsocialservices%2C22.200.0%2CN%3Bstoreassist%2C21.0.0%2CN%3Bsubscribe%2C21.0.0%2CN%3Btranslate%2C23.100.0%2CN%3Btwim.recaptchafree%2C0.1.1%2CN%3Bui%2C22.1200.0%2CN%3Bvote%2C23.0.0%2CN%3Bwsrubi.smtp%2C0.2.13%2CN%3Byenisite.abcd%2C1.2.1%2CN%3Byenisite.b2food%2C2.25.5%2CN%3Byenisite.catchbuy%2C0.9.16%2CN%3Byenisite.core%2C1.8.9%2CN%3Byenisite.favorite%2C1.0.3%2CN%3Byenisite.feedback%2C1.1.20%2CN%3Byenisite.geoip%2C1.7.1%2CN%3Byenisite.mainspec%2C1.4.6%2CN%3Byenisite.menu%2C1.3.11%2CN%3Byenisite.oneclick%2C1.4.7%2CN%3Byenisite.resizer2%2C3.0.2%2CN%3Byenisite.worktime%2C1.1.5%2CN&reqm=artofbx.yandexmetrika%2Cbitrix.eshop%2Cbitrix.sitecorporate%2Csberbank.ecom2%2Ctwim.recaptchafree%2Cwsrubi.smtp%2Cyenisite.abcd%2Cyenisite.b2food%2Cyenisite.catchbuy%2Cyenisite.core%2Cyenisite.favorite%2Cyenisite.feedback%2Cyenisite.geoip%2Cyenisite.mainspec%2Cyenisite.menu%2Cyenisite.oneclick%2Cyenisite.resizer2%2Cyenisite.worktime&fullmoduleinfo=Y&SUPD_SRS=RU&SUPD_CMP=N
2023-04-29 11:09:30 -  - exec CUpdateClientPartner::GetHTTPPage
2023-04-29 11:09:30 -  - TIME GetUpdatesList(request) 0.336 sec
2023-04-29 11:09:30 -  - exec CUpdateClientPartner::ParseServerData
2023-04-29 11:09:30 -  - exec CUpdateClientPartner::__CollectRequestData
2023-04-29 11:09:30 -  - exec CUpdateClientPartner::GetHTTPPage
2023-04-29 11:09:30 -  - exec CUpdateClientPartner::ParseServerData
2023-05-08 18:20:32 -  - exec CUpdateClientPartner::__CollectRequestData
2023-05-08 18:20:32 -  - exec CUpdateClientPartner::GetHTTPPage
2023-05-08 18:20:32 -  - exec CUpdateClientPartner::ParseServerData
2023-05-08 18:20:32 -  - exec CUpdateClientPartner::GetUpdatesList
2023-05-08 18:20:32 -  - exec CUpdateClientPartner::__CollectRequestData
2023-05-08 18:20:32 -  - utf=Y&lang=ru&stable=Y&CANGZIP=Y&SUPD_DBS=MYSQL&XE=N&CLIENT_SITE=local.on.su&LICENSE_KEY=X&SUPD_STS=1&SUPD_URS=0&SUPD_URSA=965&TYPENC=E&CLIENT_PHPVER=7.4.30&NGINX=Y&dbv=10.8.4&instm=main%2C22.600.300%2CN%3Babtest%2C21.0.0%2CN%3Bartofbx.yandexmetrika%2C1.0.2%2CN%3Bb24connector%2C22.0.0%2CN%3Bbitrix.eshop%2C20.5.0%2CN%3Bbitrix.sitecorporate%2C15.0.0%2CN%3Bbitrixcloud%2C22.100.0%2CN%3Bblog%2C22.0.0%2CN%3Bcatalog%2C22.1000.0%2CN%3Bclouds%2C22.200.0%2CN%3Bconversion%2C22.0.0%2CN%3Bcurrency%2C22.500.0%2CN%3Beshopapp%2C16.5.0%2CN%3Bfileman%2C22.300.0%2CN%3Bform%2C22.0.0%2CN%3Bforum%2C22.200.200%2CN%3Bhighloadblock%2C22.200.0%2CN%3Biblock%2C22.400.100%2CN%3Blanding%2C23.0.0%2CN%3Blocation%2C22.400.0%2CN%3Bmessageservice%2C22.600.0%2CN%3Bmobileapp%2C22.100.100%2CN%3Bperfmon%2C21.0.0%2CN%3Bphotogallery%2C22.0.200%2CN%3Bpull%2C23.0.0%2CN%3Breport%2C22.200.50%2CN%3Brest%2C22.400.100%2CN%3Bsale%2C23.0.200%2CN%3Bsberbank.ecom2%2C1.3.5%2CN%3Bscale%2C21.0.0%2CN%3Bsearch%2C22.100.0%2CN%3Bsecurity%2C21.300.0%2CN%3Bsender%2C22.500.100%2CN%3Bseo%2C23.0.200%2CN%3Bsocialservices%2C22.200.0%2CN%3Bstoreassist%2C21.0.0%2CN%3Bsubscribe%2C21.0.0%2CN%3Btranslate%2C23.100.0%2CN%3Btwim.recaptchafree%2C0.1.1%2CN%3Bui%2C22.1200.0%2CN%3Bvote%2C23.0.0%2CN%3Bwsrubi.smtp%2C0.2.13%2CN%3Byenisite.abcd%2C1.2.1%2CN%3Byenisite.b2food%2C2.25.5%2CN%3Byenisite.catchbuy%2C0.9.16%2CN%3Byenisite.core%2C1.8.9%2CN%3Byenisite.favorite%2C1.0.3%2CN%3Byenisite.feedback%2C1.1.20%2CN%3Byenisite.geoip%2C1.7.1%2CN%3Byenisite.mainspec%2C1.4.6%2CN%3Byenisite.menu%2C1.3.11%2CN%3Byenisite.oneclick%2C1.4.7%2CN%3Byenisite.resizer2%2C3.0.2%2CN%3Byenisite.worktime%2C1.1.5%2CN&reqm=artofbx.yandexmetrika%2Cbitrix.eshop%2Cbitrix.sitecorporate%2Csberbank.ecom2%2Ctwim.recaptchafree%2Cwsrubi.smtp%2Cyenisite.abcd%2Cyenisite.b2food%2Cyenisite.catchbuy%2Cyenisite.core%2Cyenisite.favorite%2Cyenisite.feedback%2Cyenisite.geoip%2Cyenisite.mainspec%2Cyenisite.menu%2Cyenisite.oneclick%2Cyenisite.resizer2%2Cyenisite.worktime&fullmoduleinfo=Y&SUPD_SRS=RU&SUPD_CMP=N
2023-05-08 18:20:32 -  - exec CUpdateClientPartner::GetHTTPPage
2023-05-08 18:20:32 -  - TIME GetUpdatesList(request) 0.319 sec
2023-05-08 18:20:32 -  - exec CUpdateClientPartner::ParseServerData
2023-05-08 18:20:32 -  - exec CUpdateClientPartner::__CollectRequestData
2023-05-08 18:20:32 -  - exec CUpdateClientPartner::GetHTTPPage
2023-05-08 18:20:33 -  - exec CUpdateClientPartner::ParseServerData
