2023-Apr-14 07:26:45 Наличие необходимых модулей php (check_php_modules): Ok
Все необходимые модули установлены
2023-Apr-14 07:26:45 Обязательные параметры PHP (check_php_settings): Ok
Настройки правильные
2023-Apr-14 07:26:45 Модули веб-сервера (check_security): Ok
Конфликтов не выявлено
2023-Apr-14 07:26:46 Значения переменных сервера (check_server_vars): Ok
Корректные
2023-Apr-14 07:26:46 Сохранение сессии (check_session): Ok
50% done
2023-Apr-14 07:26:46 Сохранение сессии (check_session): Ok
Успешно
2023-Apr-14 07:26:46 Параметры настройки UTF (mbstring и константа BX_UTF) (check_mbstring): Ok
Правильные. Сайт работает в UTF кодировке
2023-Apr-14 07:26:46 Служебные скрипты в корне сайта (check_install_scripts): Ok
Отсутствуют
2023-Apr-14 07:26:47 Работа с сокетами (check_socket): Ok
Connection to onsu.dev-kvsn.ru:80	Success

Успешно
2023-Apr-14 07:26:47 Выполнение агентов на cron (check_bx_crontab): Fail
Ошибка! Определена константа BX_CRONTAB, она может определяться только в скриптах, работающих на cron.
2023-Apr-14 07:26:47 Параметры подключения к базе данных (check_dbconn_settings): Ok
Успешно
2023-Apr-14 07:26:47 Лишний вывод в файлах конфигурации (check_dbconn): Ok
Connection to onsu.dev-kvsn.ru:80	Success

Успешно
2023-Apr-14 07:26:48 Сохранение сессии без UserAgent (check_session_ua): Ok
50% done
Connection to onsu.dev-kvsn.ru:80	Success

2023-Apr-14 07:26:48 Сохранение сессии без UserAgent (check_session_ua): Ok
Connection to onsu.dev-kvsn.ru:80	Success

Успешно
2023-Apr-14 07:26:48 Настройки сайтов (check_sites): Ok
Правильные
2023-Apr-14 07:26:48 Передача объектов по ссылке (check_clone): Ok
Успешно
2023-Apr-14 07:26:48 Размер стека и pcre.recursion_limit (check_pcre_recursion): Ok
Connection to onsu.dev-kvsn.ru:80	Success

Успешно
2023-Apr-14 07:26:49 Загрузка файла (check_upload): Ok
Connection to onsu.dev-kvsn.ru:80	Success

Успешно
2023-Apr-14 07:26:49 Загрузка файла больше 4Мб (check_upload_big): Ok
Connection to onsu.dev-kvsn.ru:80	Success

Успешно
2023-Apr-14 07:26:49 Загрузка файла через php://input (check_upload_raw): Ok
Connection to onsu.dev-kvsn.ru:80	Success

Успешно
2023-Apr-14 07:26:49 Передача POST запроса с большим числом параметров (check_post): Ok
Connection to onsu.dev-kvsn.ru:80	Success

Успешно
2023-Apr-14 07:26:49 Отправка почты (check_mail): Ok
Успешно
2023-Apr-14 07:26:49 Отправка почтового сообщения больше 64Кб (check_mail_big): Ok
Успешно
2023-Apr-14 07:26:49 Проверка на наличие неотправленных сообщений (check_mail_b_event): Ok
Успешно
2023-Apr-14 07:26:50 Внутреннее перенаправление (функция LocalRedirect) (check_localredirect): Ok
50% done
Connection to onsu.dev-kvsn.ru:80	Success

2023-Apr-14 07:26:50 Внутреннее перенаправление (функция LocalRedirect) (check_localredirect): Ok
Connection to onsu.dev-kvsn.ru:80	Success

Успешно
2023-Apr-14 07:26:50 Фактическое ограничение памяти (check_memory_limit): Ok
20% done
Connection to onsu.dev-kvsn.ru:80	Success

2023-Apr-14 07:26:50 Фактическое ограничение памяти (check_memory_limit): Ok
40% done
Connection to onsu.dev-kvsn.ru:80	Success

2023-Apr-14 07:26:50 Фактическое ограничение памяти (check_memory_limit): Ok
60% done
Connection to onsu.dev-kvsn.ru:80	Success

2023-Apr-14 07:26:51 Фактическое ограничение памяти (check_memory_limit): Ok
80% done
Connection to onsu.dev-kvsn.ru:80	Success

2023-Apr-14 07:26:51 Фактическое ограничение памяти (check_memory_limit): Ok
Connection to onsu.dev-kvsn.ru:80	Success

Не менее 256 М
2023-Apr-14 07:26:52 Работа с файлами кеша (check_cache): Ok
Успешно
2023-Apr-14 07:26:53 Доступ к серверу обновлений (check_update): Ok
Успешно
2023-Apr-14 07:26:54 HTTP авторизация (check_http_auth): Ok
Connection to onsu.dev-kvsn.ru:80	Success

Успешно
2023-Apr-14 07:26:54 Создание и запуск файла (check_exec): Ok
Connection to onsu.dev-kvsn.ru:80	Success

Успешно
2023-Apr-14 07:26:54 Функция getimagesize для swf (check_getimagesize): Ok
Успешно
2023-Apr-14 07:26:54 Версия MySQL-сервера (check_mysql_bug_version): Ok
Успешно
2023-Apr-14 07:26:56 Время на БД и веб-сервере (check_mysql_time): Ok
Успешно
2023-Apr-14 07:26:56 Режим работы MySQL (check_mysql_mode): Fail
Ошибка! innodb_strict_mode=ON, требуется OFFПеременная sql_mode в MySQL должна быть пустая, текущее значение: STRICT_TRANS_TABLES,ERROR_FOR_DIVISION_BY_ZERO,NO_AUTO_CREATE_USER,NO_ENGINE_SUBSTITUTION
2023-Apr-14 07:26:56 Кодировка соединения (check_mysql_connection_charset): Ok
character_set_connection=utf8, collation_connection=utf8_unicode_ci, character_set_results=utf8
Успешно
2023-Apr-14 07:26:56 Кодировка базы данных (check_mysql_db_charset): Ok
CHARSET=utf8, COLLATION=utf8_unicode_ci
Успешно
2023-Apr-14 07:26:57 Кодировки таблиц в БД (check_mysql_table_charset): Ok
Успешно
2023-Apr-14 07:26:58 Структура базы данных (check_mysql_table_structure): Ok
0% done
2023-Apr-14 07:26:59 Структура базы данных (check_mysql_table_structure): Ok
2% done
2023-Apr-14 07:26:59 Структура базы данных (check_mysql_table_structure): Ok
5% done
2023-Apr-14 07:26:59 Структура базы данных (check_mysql_table_structure): Ok
8% done
2023-Apr-14 07:27:00 Структура базы данных (check_mysql_table_structure): Ok
11% done
2023-Apr-14 07:27:00 Структура базы данных (check_mysql_table_structure): Ok
13% done
2023-Apr-14 07:27:00 Структура базы данных (check_mysql_table_structure): Ok
16% done
2023-Apr-14 07:27:03 Структура базы данных (check_mysql_table_structure): Ok
19% done
2023-Apr-14 07:27:03 Структура базы данных (check_mysql_table_structure): Ok
22% done
2023-Apr-14 07:27:07 Структура базы данных (check_mysql_table_structure): Ok
25% done
В таблице b_sale_tp поле NAME "`NAME` varchar(50) NOT NULL" не соответствует описанию на диске "`NAME` varchar(500) NOT NULL"
В таблице b_sale_cashbox_check_correction поле CORRECTION_PAYMENT "`CORRECTION_PAYMENT` text NULL DEFAULT NULL" не соответствует описанию на диске "`CORRECTION_PAYMENT` text NULL DEFAULT ''"
В таблице b_sale_cashbox_check_correction поле CORRECTION_VAT "`CORRECTION_VAT` text NULL DEFAULT NULL" не соответствует описанию на диске "`CORRECTION_VAT` text NULL DEFAULT ''"

2023-Apr-14 07:27:09 Структура базы данных (check_mysql_table_structure): Ok
27% done
В таблице b_landing поле HISTORY_STEP "`HISTORY_STEP` int NOT NULL DEFAULT '0'" не соответствует описанию на диске "`HISTORY_STEP` int NOT NULL"
В таблице b_landing_block поле HISTORY_STEP_DESIGNER "`HISTORY_STEP_DESIGNER` int NOT NULL DEFAULT '0'" не соответствует описанию на диске "`HISTORY_STEP_DESIGNER` int NOT NULL"

2023-Apr-14 07:27:12 Структура базы данных (check_mysql_table_structure): Ok
30% done
2023-Apr-14 07:27:13 Структура базы данных (check_mysql_table_structure): Ok
33% done
2023-Apr-14 07:27:13 Структура базы данных (check_mysql_table_structure): Ok
36% done
2023-Apr-14 07:27:13 Структура базы данных (check_mysql_table_structure): Ok
38% done
2023-Apr-14 07:27:13 Структура базы данных (check_mysql_table_structure): Ok
41% done
2023-Apr-14 07:27:15 Структура базы данных (check_mysql_table_structure): Ok
44% done
2023-Apr-14 07:27:16 Структура базы данных (check_mysql_table_structure): Ok
47% done
2023-Apr-14 07:27:17 Структура базы данных (check_mysql_table_structure): Ok
50% done
2023-Apr-14 07:27:17 Структура базы данных (check_mysql_table_structure): Ok
52% done
2023-Apr-14 07:27:19 Структура базы данных (check_mysql_table_structure): Ok
55% done
2023-Apr-14 07:27:19 Структура базы данных (check_mysql_table_structure): Ok
58% done
2023-Apr-14 07:27:21 Структура базы данных (check_mysql_table_structure): Ok
61% done
Отсутствует таблица b_main_mail_sender_send_counter
В таблице b_user_field_lang поле USER_FIELD_ID "`USER_FIELD_ID` int NOT NULL DEFAULT '0'" не соответствует описанию на диске "`USER_FIELD_ID` int NOT NULL"
В таблице b_user_field_lang поле LANGUAGE_ID "`LANGUAGE_ID` char(2) NOT NULL DEFAULT ''" не соответствует описанию на диске "`LANGUAGE_ID` char(2) NOT NULL"

2023-Apr-14 07:27:22 Структура базы данных (check_mysql_table_structure): Ok
63% done
2023-Apr-14 07:27:23 Структура базы данных (check_mysql_table_structure): Ok
66% done
2023-Apr-14 07:27:24 Структура базы данных (check_mysql_table_structure): Ok
69% done
2023-Apr-14 07:27:24 Структура базы данных (check_mysql_table_structure): Ok
72% done
2023-Apr-14 07:27:25 Структура базы данных (check_mysql_table_structure): Ok
75% done
2023-Apr-14 07:27:26 Структура базы данных (check_mysql_table_structure): Ok
77% done
2023-Apr-14 07:27:26 Структура базы данных (check_mysql_table_structure): Ok
80% done
2023-Apr-14 07:27:26 Структура базы данных (check_mysql_table_structure): Ok
83% done
2023-Apr-14 07:27:26 Структура базы данных (check_mysql_table_structure): Ok
86% done
2023-Apr-14 07:27:27 Структура базы данных (check_mysql_table_structure): Ok
88% done
2023-Apr-14 07:27:27 Структура базы данных (check_mysql_table_structure): Ok
91% done
2023-Apr-14 07:27:27 Структура базы данных (check_mysql_table_structure): Ok
94% done
2023-Apr-14 07:27:28 Структура базы данных (check_mysql_table_structure): Ok
97% done
2023-Apr-14 07:27:30 Структура базы данных (check_mysql_table_structure): Fail
ALTER TABLE `b_sale_tp` CHANGE `NAME` `NAME` varchar(500) NOT NULL;
ALTER TABLE `b_sale_cashbox_check_correction` CHANGE `CORRECTION_PAYMENT` `CORRECTION_PAYMENT` text NULL DEFAULT '';
ALTER TABLE `b_sale_cashbox_check_correction` CHANGE `CORRECTION_VAT` `CORRECTION_VAT` text NULL DEFAULT '';
ALTER TABLE `b_landing` CHANGE `HISTORY_STEP` `HISTORY_STEP` int NOT NULL;
ALTER TABLE `b_landing_block` CHANGE `HISTORY_STEP_DESIGNER` `HISTORY_STEP_DESIGNER` int NOT NULL;
CREATE TABLE b_main_mail_sender_send_counter
(
    DATE_STAT DATE NOT NULL,
    EMAIL VARCHAR(255) NOT NULL,
    CNT INT NOT NULL,
    PRIMARY KEY (DATE_STAT, EMAIL)
);
ALTER TABLE `b_user_field_lang` CHANGE `USER_FIELD_ID` `USER_FIELD_ID` int NOT NULL;
ALTER TABLE `b_user_field_lang` CHANGE `LANGUAGE_ID` `LANGUAGE_ID` char(2) NOT NULL;
Ошибка! Структура базы данных имеет ошибки. Всего 8, автоматически могут быть исправлены: 8. Исправить
